2025-10-23T11:11:50.190Z anon GET /favicon.ico
2025-10-23T15:14:55.108Z anon GET /
2025-10-23T15:14:55.957Z anon GET /
2025-10-23T15:14:56.163Z anon GET /
2025-10-23T15:26:09.443Z anon POST /api/auth/login
2025-10-23T15:26:21.481Z anon POST /api/auth/login
2025-10-23T15:26:27.845Z anon POST /api/auth/login
2025-10-23T15:27:04.359Z anon POST /api/auth/login
2025-10-23T15:27:07.156Z anon GET /api/courses
2025-10-23T15:27:07.163Z anon GET /api/courses
2025-10-23T15:27:17.604Z anon GET /api/courses
2025-10-23T15:27:17.610Z anon GET /api/courses
2025-10-23T15:27:27.447Z anon GET /api/courses
2025-10-23T15:27:27.453Z anon GET /api/courses
2025-10-23T15:27:36.096Z anon GET /api/reports/at-risk?threshold=75
2025-10-23T15:27:39.388Z anon GET /api/reports/at-risk?threshold=75&course_code=CS202
2025-10-23T15:27:50.446Z anon GET /api/reports/at-risk?threshold=44&course_code=CS202
2025-10-23T15:27:52.381Z anon GET /api/reports/attendance-trend?course_code=CS202&weeks=8
2025-10-23T15:28:12.154Z anon POST /api/auth/login
2025-10-23T15:31:12.654Z anon POST /api/auth/login
2025-10-23T15:36:15.837Z anon POST /api/auth/login
2025-10-23T16:00:22.378Z anon POST /api/auth/login
2025-10-23T16:01:43.320Z anon POST /api/auth/login
2025-10-23T16:01:52.151Z anon POST /api/auth/login
2025-10-23T16:02:02.283Z anon POST /api/auth/login
2025-10-23T16:02:03.089Z anon POST /api/auth/login
2025-10-23T16:02:03.601Z anon POST /api/auth/login
2025-10-23T16:02:19.350Z anon POST /api/auth/login
2025-10-23T16:07:42.767Z anon POST /api/auth/login
2025-10-23T16:07:51.855Z anon POST /api/auth/login
2025-10-23T16:07:52.619Z anon POST /api/auth/login
2025-10-23T16:11:38.219Z anon POST /api/auth/register
2025-10-23T16:12:13.311Z anon POST /api/auth/login
2025-10-23T16:12:23.069Z anon GET /api/courses
2025-10-23T16:12:23.075Z anon GET /api/courses
2025-10-23T16:12:35.126Z anon GET /api/enrollments/resolve?student_id=1&course_code=CS201
2025-10-23T16:12:35.134Z anon GET /api/attendance/enrollment/1
2025-10-23T16:12:35.142Z anon GET /api/attendance/summary?student_id=1&course_code=CS201
2025-10-23T16:12:35.539Z anon GET /api/enrollments/resolve?student_id=1&course_code=CS201
2025-10-23T16:12:35.546Z anon GET /api/attendance/enrollment/1
2025-10-23T16:12:35.552Z anon GET /api/attendance/summary?student_id=1&course_code=CS201
2025-10-23T16:12:39.710Z anon GET /api/enrollments/resolve?student_id=2&course_code=CS201
2025-10-23T16:12:46.120Z anon GET /api/enrollments/resolve?student_id=2&course_code=CS202
2025-10-23T16:12:46.127Z anon GET /api/attendance/enrollment/6
2025-10-23T16:12:46.135Z anon GET /api/attendance/summary?student_id=2&course_code=CS202
2025-10-23T16:12:46.705Z anon GET /api/enrollments/resolve?student_id=2&course_code=CS202
2025-10-23T16:12:46.712Z anon GET /api/attendance/enrollment/6
2025-10-23T16:12:46.717Z anon GET /api/attendance/summary?student_id=2&course_code=CS202
2025-10-23T16:12:47.082Z anon GET /api/enrollments/resolve?student_id=2&course_code=CS202
2025-10-23T16:12:47.090Z anon GET /api/attendance/enrollment/6
2025-10-23T16:12:47.097Z anon GET /api/attendance/summary?student_id=2&course_code=CS202
2025-10-23T16:12:50.547Z anon GET /api/enrollments/resolve?student_id=1&course_code=CS202
2025-10-23T16:12:51.075Z anon GET /api/enrollments/resolve?student_id=1&course_code=CS202
2025-10-23T16:12:51.380Z anon GET /api/enrollments/resolve?student_id=1&course_code=CS202
2025-10-23T16:12:51.636Z anon GET /api/enrollments/resolve?student_id=1&course_code=CS202
2025-10-23T16:12:56.096Z anon GET /api/courses
2025-10-23T16:12:56.100Z anon GET /api/courses
2025-10-23T16:12:59.790Z anon GET /api/enrollments/resolve?student_id=1&course_code=CS201
2025-10-23T16:12:59.799Z anon GET /api/marks/enrollment/1
2025-10-23T16:12:59.987Z anon GET /api/enrollments/resolve?student_id=1&course_code=CS201
2025-10-23T16:12:59.994Z anon GET /api/marks/enrollment/1
2025-10-23T16:13:09.915Z anon GET /api/courses
2025-10-23T16:13:09.920Z anon GET /api/courses
2025-10-23T16:13:11.740Z anon GET /api/reports/at-risk?threshold=75
2025-10-23T16:13:14.509Z anon GET /api/reports/at-risk?threshold=75&course_code=CS204
2025-10-23T16:13:19.451Z anon GET /api/reports/at-risk?threshold=60&course_code=CS204
2025-10-23T16:13:19.874Z anon GET /api/reports/at-risk?threshold=60&course_code=CS204
2025-10-23T16:13:20.588Z anon GET /api/reports/attendance-trend?course_code=CS204&weeks=8
2025-10-23T16:13:21.082Z anon GET /api/reports/attendance-trend?course_code=CS204&weeks=8
2025-10-23T16:13:21.290Z anon GET /api/reports/attendance-trend?course_code=CS204&weeks=8
2025-10-23T16:13:21.674Z anon GET /api/reports/at-risk?threshold=60&course_code=CS204
2025-10-23T16:13:22.049Z anon GET /api/reports/attendance-trend?course_code=CS204&weeks=8
2025-10-23T16:13:45.012Z anon GET /api/users
2025-10-23T16:13:45.019Z anon GET /api/users
2025-10-23T16:22:08.010Z anon GET /api/courses
2025-10-23T16:22:08.016Z anon GET /api/courses
2025-10-23T16:22:27.581Z anon GET /api/enrollments/resolve?student_id=1&course_code=CS201
2025-10-23T16:22:27.591Z anon GET /api/attendance/enrollment/1
2025-10-23T16:22:27.599Z anon GET /api/attendance/summary?student_id=1&course_code=CS201
2025-10-23T16:22:28.106Z anon GET /api/enrollments/resolve?student_id=1&course_code=CS201
2025-10-23T16:22:28.114Z anon GET /api/attendance/enrollment/1
2025-10-23T16:22:28.121Z anon GET /api/attendance/summary?student_id=1&course_code=CS201
2025-10-23T16:22:28.561Z anon GET /api/enrollments/resolve?student_id=1&course_code=CS201
2025-10-23T16:22:28.569Z anon GET /api/attendance/enrollment/1
2025-10-23T16:22:28.576Z anon GET /api/attendance/summary?student_id=1&course_code=CS201
2025-10-23T16:22:28.993Z anon GET /api/enrollments/resolve?student_id=1&course_code=CS201
2025-10-23T16:22:29.001Z anon GET /api/attendance/enrollment/1
2025-10-23T16:22:29.010Z anon GET /api/attendance/summary?student_id=1&course_code=CS201
2025-10-23T16:22:29.209Z anon GET /api/enrollments/resolve?student_id=1&course_code=CS201
2025-10-23T16:22:29.217Z anon GET /api/attendance/enrollment/1
2025-10-23T16:22:29.224Z anon GET /api/attendance/summary?student_id=1&course_code=CS201
2025-10-23T16:22:32.331Z anon GET /api/enrollments/resolve?student_id=3&course_code=CS201
2025-10-23T16:22:32.340Z anon GET /api/attendance/enrollment/7
2025-10-23T16:22:32.348Z anon GET /api/attendance/summary?student_id=3&course_code=CS201
2025-10-23T16:22:33.928Z anon GET /api/enrollments/resolve?student_id=3&course_code=CS201
2025-10-23T16:22:33.936Z anon GET /api/attendance/enrollment/7
2025-10-23T16:22:33.942Z anon GET /api/attendance/summary?student_id=3&course_code=CS201
2025-10-23T16:22:34.089Z anon GET /api/enrollments/resolve?student_id=3&course_code=CS201
2025-10-23T16:22:34.096Z anon GET /api/attendance/enrollment/7
2025-10-23T16:22:34.103Z anon GET /api/attendance/summary?student_id=3&course_code=CS201
2025-10-23T16:22:36.757Z anon GET /api/enrollments/resolve?student_id=3&course_code=CS203
2025-10-23T16:22:37.250Z anon GET /api/enrollments/resolve?student_id=3&course_code=CS203
2025-10-23T16:22:37.657Z anon GET /api/enrollments/resolve?student_id=3&course_code=CS203
2025-10-23T16:22:40.248Z anon GET /api/users
2025-10-23T16:22:40.254Z anon GET /api/users
2025-10-23T16:24:24.036Z anon GET /api/enrollments/resolve?student_id=54&course_code=CS201
2025-10-23T16:24:27.391Z anon GET /api/enrollments/resolve?student_id=54&course_code=CS202
2025-10-23T16:24:27.875Z anon GET /api/enrollments/resolve?student_id=54&course_code=CS202
2025-10-23T16:24:28.043Z anon GET /api/enrollments/resolve?student_id=54&course_code=CS202
2025-10-23T16:24:28.236Z anon GET /api/enrollments/resolve?student_id=54&course_code=CS202
2025-10-23T16:24:33.393Z anon GET /api/users
2025-10-23T16:24:33.399Z anon GET /api/users
2025-10-23T16:24:46.876Z anon GET /api/enrollments/resolve?student_id=38&course_code=CS201
2025-10-23T16:24:49.969Z anon GET /api/enrollments/resolve?student_id=38&course_code=CS203
2025-10-23T16:24:50.474Z anon GET /api/enrollments/resolve?student_id=38&course_code=CS203
2025-10-23T16:24:50.731Z anon GET /api/enrollments/resolve?student_id=38&course_code=CS203
2025-10-23T16:24:52.320Z anon GET /api/courses
2025-10-23T16:24:52.325Z anon GET /api/courses
2025-10-23T16:25:07.047Z anon GET /api/enrollments/resolve?student_id=54&course_code=CS205
2025-10-23T16:25:07.538Z anon GET /api/enrollments/resolve?student_id=54&course_code=CS205
2025-10-23T16:25:07.739Z anon GET /api/enrollments/resolve?student_id=54&course_code=CS205
2025-10-23T16:25:07.928Z anon GET /api/enrollments/resolve?student_id=54&course_code=CS205
2025-10-23T16:26:51.202Z anon GET /api/enrollments/resolve?student_id=1&course_code=CS201
2025-10-23T16:26:51.211Z anon GET /api/marks/enrollment/1
2025-10-23T16:26:57.568Z anon GET /api/enrollments/resolve?student_id=54&course_code=CS201
2025-10-23T16:27:00.822Z anon GET /api/enrollments/resolve?student_id=54&course_code=CS202
2025-10-23T16:27:06.445Z anon GET /api/enrollments/resolve?student_id=2&course_code=CS202
2025-10-23T16:27:06.453Z anon GET /api/marks/enrollment/6
2025-10-23T16:27:15.140Z anon GET /api/courses
2025-10-23T16:27:15.145Z anon GET /api/courses
2025-10-23T16:27:22.564Z anon GET /api/reports/at-risk?threshold=75&course_code=CS205
2025-10-23T16:27:22.880Z anon GET /api/reports/at-risk?threshold=75&course_code=CS205
2025-10-23T16:27:23.096Z anon GET /api/reports/at-risk?threshold=75&course_code=CS205
2025-10-23T16:27:26.083Z anon GET /api/reports/attendance-trend?course_code=CS205&weeks=8
2025-10-23T16:27:26.351Z anon GET /api/reports/attendance-trend?course_code=CS205&weeks=8
2025-10-23T16:27:26.576Z anon GET /api/reports/attendance-trend?course_code=CS205&weeks=8
2025-10-23T16:27:26.961Z anon GET /api/reports/attendance-trend?course_code=CS205&weeks=8
2025-10-23T16:27:27.169Z anon GET /api/reports/attendance-trend?course_code=CS205&weeks=8
2025-10-23T16:27:27.360Z anon GET /api/reports/attendance-trend?course_code=CS205&weeks=8
2025-10-23T16:27:31.826Z anon GET /api/courses
2025-10-23T16:27:31.831Z anon GET /api/courses
2025-10-23T16:27:33.683Z anon GET /api/users
2025-10-23T16:27:33.689Z anon GET /api/users
2025-10-23T16:27:35.330Z anon GET /api/users
2025-10-23T16:27:35.335Z anon GET /api/users
2025-10-23T16:27:36.481Z anon GET /api/courses
2025-10-23T16:27:36.487Z anon GET /api/courses
2025-10-23T16:27:37.130Z anon GET /api/users
2025-10-23T16:27:37.136Z anon GET /api/users
2025-10-23T16:27:39.533Z anon POST /api/auth/login
2025-10-23T17:38:12.658Z anon POST /api/auth/login
